C:\TEMP\POLINUM\MAIN_POLINOM\DEBUG\MAIN.OBJ
C:\TEMP\POLINUM\MAIN_POLINOM\DEBUG\VC110.PDB
C:\TEMP\POLINUM\DEBUG\MAIN_POLINOM.ILK
C:\TEMP\POLINUM\DEBUG\MAIN_POLINOM.EXE
C:\TEMP\POLINUM\DEBUG\MAIN_POLINOM.PDB
C:\temp\Polinum\main_polinom\Debug\main_polinom.vcxprojResolveAssemblyReference.cache
C:\temp\Polinum\main_polinom\Debug\main.obj
C:\temp\Polinum\main_polinom\Debug\cl.command.1.tlog
C:\temp\Polinum\main_polinom\Debug\CL.read.1.tlog
C:\temp\Polinum\main_polinom\Debug\CL.write.1.tlog
C:\temp\Polinum\main_polinom\Debug\link-cvtres.read.1.tlog
C:\temp\Polinum\main_polinom\Debug\link-cvtres.write.1.tlog
C:\temp\Polinum\main_polinom\Debug\link-rc.read.1.tlog
C:\temp\Polinum\main_polinom\Debug\link-rc.write.1.tlog
C:\temp\Polinum\main_polinom\Debug\link.1116-cvtres.read.1.tlog
C:\temp\Polinum\main_polinom\Debug\link.1116-cvtres.write.1.tlog
C:\temp\Polinum\main_polinom\Debug\link.1116-rc.read.1.tlog
C:\temp\Polinum\main_polinom\Debug\link.1116-rc.write.1.tlog
C:\temp\Polinum\main_polinom\Debug\link.1116.read.1.tlog
C:\temp\Polinum\main_polinom\Debug\link.1116.write.1.tlog
C:\temp\Polinum\main_polinom\Debug\link.1496-cvtres.read.1.tlog
C:\temp\Polinum\main_polinom\Debug\link.1496-cvtres.write.1.tlog
C:\temp\Polinum\main_polinom\Debug\link.1496-rc.read.1.tlog
C:\temp\Polinum\main_polinom\Debug\link.1496-rc.write.1.tlog
C:\temp\Polinum\main_polinom\Debug\link.1496.read.1.tlog
C:\temp\Polinum\main_polinom\Debug\link.1496.write.1.tlog
C:\temp\Polinum\main_polinom\Debug\link.4948-cvtres.read.1.tlog
C:\temp\Polinum\main_polinom\Debug\link.4948-cvtres.write.1.tlog
C:\temp\Polinum\main_polinom\Debug\link.4948-rc.read.1.tlog
C:\temp\Polinum\main_polinom\Debug\link.4948-rc.write.1.tlog
C:\temp\Polinum\main_polinom\Debug\link.4948.read.1.tlog
C:\temp\Polinum\main_polinom\Debug\link.4948.write.1.tlog
C:\temp\Polinum\main_polinom\Debug\link.5372-cvtres.read.1.tlog
C:\temp\Polinum\main_polinom\Debug\link.5372-cvtres.write.1.tlog
C:\temp\Polinum\main_polinom\Debug\link.5372-rc.read.1.tlog
C:\temp\Polinum\main_polinom\Debug\link.5372-rc.write.1.tlog
C:\temp\Polinum\main_polinom\Debug\link.5372.read.1.tlog
C:\temp\Polinum\main_polinom\Debug\link.5372.write.1.tlog
C:\temp\Polinum\main_polinom\Debug\link.5524-cvtres.read.1.tlog
C:\temp\Polinum\main_polinom\Debug\link.5524-cvtres.write.1.tlog
C:\temp\Polinum\main_polinom\Debug\link.5524-rc.read.1.tlog
C:\temp\Polinum\main_polinom\Debug\link.5524-rc.write.1.tlog
C:\temp\Polinum\main_polinom\Debug\link.5524.read.1.tlog
C:\temp\Polinum\main_polinom\Debug\link.5524.write.1.tlog
C:\temp\Polinum\main_polinom\Debug\link.5564-cvtres.read.1.tlog
C:\temp\Polinum\main_polinom\Debug\link.5564-cvtres.write.1.tlog
C:\temp\Polinum\main_polinom\Debug\link.5564-rc.read.1.tlog
C:\temp\Polinum\main_polinom\Debug\link.5564-rc.write.1.tlog
C:\temp\Polinum\main_polinom\Debug\link.5564.read.1.tlog
C:\temp\Polinum\main_polinom\Debug\link.5564.write.1.tlog
C:\temp\Polinum\main_polinom\Debug\link.5672-cvtres.read.1.tlog
C:\temp\Polinum\main_polinom\Debug\link.5672-cvtres.write.1.tlog
C:\temp\Polinum\main_polinom\Debug\link.5672-rc.read.1.tlog
C:\temp\Polinum\main_polinom\Debug\link.5672-rc.write.1.tlog
C:\temp\Polinum\main_polinom\Debug\link.5672.read.1.tlog
C:\temp\Polinum\main_polinom\Debug\link.5672.write.1.tlog
C:\temp\Polinum\main_polinom\Debug\link.6156-cvtres.read.1.tlog
C:\temp\Polinum\main_polinom\Debug\link.6156-cvtres.write.1.tlog
C:\temp\Polinum\main_polinom\Debug\link.6156-rc.read.1.tlog
C:\temp\Polinum\main_polinom\Debug\link.6156-rc.write.1.tlog
C:\temp\Polinum\main_polinom\Debug\link.6156.read.1.tlog
C:\temp\Polinum\main_polinom\Debug\link.6156.write.1.tlog
C:\temp\Polinum\main_polinom\Debug\link.6456-cvtres.read.1.tlog
C:\temp\Polinum\main_polinom\Debug\link.6456-cvtres.write.1.tlog
C:\temp\Polinum\main_polinom\Debug\link.6456-rc.read.1.tlog
C:\temp\Polinum\main_polinom\Debug\link.6456-rc.write.1.tlog
C:\temp\Polinum\main_polinom\Debug\link.6456.read.1.tlog
C:\temp\Polinum\main_polinom\Debug\link.6456.write.1.tlog
C:\temp\Polinum\main_polinom\Debug\link.6712-cvtres.read.1.tlog
C:\temp\Polinum\main_polinom\Debug\link.6712-cvtres.write.1.tlog
C:\temp\Polinum\main_polinom\Debug\link.6712-rc.read.1.tlog
C:\temp\Polinum\main_polinom\Debug\link.6712-rc.write.1.tlog
C:\temp\Polinum\main_polinom\Debug\link.6712.read.1.tlog
C:\temp\Polinum\main_polinom\Debug\link.6712.write.1.tlog
C:\temp\Polinum\main_polinom\Debug\link.6928-cvtres.read.1.tlog
C:\temp\Polinum\main_polinom\Debug\link.6928-cvtres.write.1.tlog
C:\temp\Polinum\main_polinom\Debug\link.6928-rc.read.1.tlog
C:\temp\Polinum\main_polinom\Debug\link.6928-rc.write.1.tlog
C:\temp\Polinum\main_polinom\Debug\link.6928.read.1.tlog
C:\temp\Polinum\main_polinom\Debug\link.6928.write.1.tlog
C:\temp\Polinum\main_polinom\Debug\link.command.1.tlog
C:\temp\Polinum\main_polinom\Debug\link.read.1.tlog
C:\temp\Polinum\main_polinom\Debug\link.write.1.tlog
C:\temp\Polinum\main_polinom\Debug\vc110.idb
C:\temp\Polinum\main_polinom\Debug\vc110.pdb
C:\temp\Polinum\Debug\main_polinom.pdb
C:\temp\Polinum\Debug\main_polinom.exe
C:\temp\Polinum\Debug\main_polinom.ilk
